{
  "RSpec": {
    "coverage": {
      "/csce431/final/centuries-points-tracker-dev/centuries-points-tracker-dev/spec/feature/event_create_spec.rb": {
        "lines": [
          null,
          null,
          1,
          null,
          1,
          1,
          1,
          0,
          0,
          0,
          null,
          null,
          1,
          0,
          null,
          null,
          1,
          null,
          1,
          1,
          1,
          0,
          0,
          0,
          0,
          null,
          null,
          1,
          1,
          1,
          1,
          0,
          0,
          null,
          null,
          null,
          null,
          null,
          null,
          null,
          null,
          null,
          null,
          null,
          null,
          null,
          null,
          null,
          null,
          null,
          null,
          null,
          null,
          null,
          null,
          null,
          null,
          null,
          null,
          null,
          null,
          null,
          null,
          null,
          null,
          null,
          null,
          null,
          null,
          null,
          1,
          1,
          1,
          null,
          null
        ]
      },
      "/csce431/final/centuries-points-tracker-dev/centuries-points-tracker-dev/spec/rails_helper.rb": {
        "lines": [
          null,
          1,
          1,
          1,
          null,
          1,
          1,
          null,
          null,
          null,
          null,
          null,
          null,
          null,
          null,
          null,
          null,
          null,
          null,
          null,
          null,
          null,
          null,
          null,
          null,
          null,
          null,
          1,
          null,
          0,
          0,
          null,
          1,
          null,
          1,
          null,
          null,
          null,
          null,
          1,
          null,
          null,
          null,
          null,
          null,
          null,
          null,
          null,
          null,
          null,
          null,
          null,
          null,
          null,
          null,
          null,
          null,
          1,
          null,
          null,
          1,
          null,
          null,
          null,
          null,
          1,
          9,
          9,
          null
        ]
      },
      "/csce431/final/centuries-points-tracker-dev/centuries-points-tracker-dev/config/environment.rb": {
        "lines": [
          null,
          1,
          null,
          null,
          1
        ]
      },
      "/csce431/final/centuries-points-tracker-dev/centuries-points-tracker-dev/config/application.rb": {
        "lines": [
          1,
          null,
          1,
          null,
          null,
          null,
          1,
          null,
          1,
          1,
          null,
          1,
          null,
          null,
          null,
          null,
          null,
          null,
          null,
          1,
          null,
          null,
          null
        ]
      },
      "/csce431/final/centuries-points-tracker-dev/centuries-points-tracker-dev/config/boot.rb": {
        "lines": [
          1,
          null,
          1,
          1
        ]
      },
      "/csce431/final/centuries-points-tracker-dev/centuries-points-tracker-dev/config/environments/test.rb": {
        "lines": [
          1,
          null,
          null,
          null,
          null,
          null,
          null,
          1,
          null,
          null,
          1,
          1,
          null,
          null,
          null,
          null,
          1,
          null,
          null,
          1,
          1,
          null,
          null,
          null,
          null,
          1,
          1,
          1,
          null,
          null,
          1,
          null,
          null,
          1,
          null,
          null,
          1,
          null,
          1,
          null,
          null,
          null,
          null,
          1,
          null,
          null,
          1,
          null,
          null,
          1,
          null,
          null,
          1,
          null,
          null,
          null,
          null,
          null,
          null,
          null,
          1,
          1,
          null,
          null,
          null,
          null,
          null,
          null,
          null,
          null,
          null,
          null
        ]
      },
      "/csce431/final/centuries-points-tracker-dev/centuries-points-tracker-dev/config/initializers/application_controller_renderer.rb": {
        "lines": [
          null,
          null,
          null,
          null,
          null,
          null,
          null,
          null
        ]
      },
      "/csce431/final/centuries-points-tracker-dev/centuries-points-tracker-dev/config/initializers/assets.rb": {
        "lines": [
          null,
          null,
          null,
          1,
          null,
          null,
          null,
          null,
          1,
          null,
          null,
          null,
          null,
          null
        ]
      },
      "/csce431/final/centuries-points-tracker-dev/centuries-points-tracker-dev/config/initializers/backtrace_silencers.rb": {
        "lines": [
          null,
          null,
          null,
          null,
          null,
          null,
          null,
          1
        ]
      },
      "/csce431/final/centuries-points-tracker-dev/centuries-points-tracker-dev/config/initializers/content_security_policy.rb": {
        "lines": [
          null,
          null,
          null,
          null,
          null,
          null,
          null,
          null,
          null,
          null,
          null,
          null,
          null,
          null,
          null,
          null,
          null,
          null,
          null,
          null,
          null,
          null,
          null,
          null,
          null,
          null,
          null,
          null,
          null,
          null
        ]
      },
      "/csce431/final/centuries-points-tracker-dev/centuries-points-tracker-dev/config/initializers/cookies_serializer.rb": {
        "lines": [
          null,
          null,
          null,
          null,
          1
        ]
      },
      "/csce431/final/centuries-points-tracker-dev/centuries-points-tracker-dev/config/initializers/devise.rb": {
        "lines": [
          null,
          null,
          null,
          null,
          null,
          null,
          null,
          null,
          null,
          null,
          1,
          1,
          null,
          null,
          null,
          null,
          null,
          null,
          null,
          null,
          null,
          null,
          null,
          null,
          null,
          null,
          null,
          1,
          null,
          null,
          null,
          null,
          null,
          null,
          null,
          null,
          null,
          null,
          null,
          1,
          null,
          null,
          null,
          null,
          null,
          null,
          null,
          null,
          null,
          null,
          null,
          null,
          null,
          null,
          null,
          null,
          null,
          null,
          null,
          null,
          null,
          1,
          null,
          null,
          null,
          null,
          1,
          null,
          null,
          null,
          null,
          null,
          null,
          null,
          null,
          null,
          null,
          null,
          null,
          null,
          null,
          null,
          null,
          null,
          null,
          null,
          null,
          null,
          null,
          null,
          null,
          null,
          null,
          null,
          null,
          null,
          null,
          null,
          null,
          null,
          1,
          null,
          null,
          null,
          null,
          null,
          null,
          null,
          null,
          null,
          null,
          null,
          null,
          null,
          null,
          null,
          null,
          null,
          null,
          null,
          null,
          null,
          null,
          null,
          null,
          null,
          1,
          null,
          null,
          null,
          null,
          null,
          null,
          null,
          null,
          null,
          null,
          null,
          null,
          null,
          null,
          null,
          null,
          null,
          null,
          null,
          null,
          null,
          null,
          null,
          null,
          null,
          null,
          null,
          null,
          null,
          null,
          null,
          null,
          null,
          1,
          null,
          null,
          null,
          null,
          null,
          null,
          null,
          null,
          null,
          1,
          null,
          null,
          null,
          null,
          null,
          null,
          null,
          null,
          null,
          null,
          1,
          null,
          null,
          null,
          null,
          1,
          null,
          null,
          null,
          null,
          null,
          null,
          null,
          null,
          null,
          null,
          null,
          null,
          null,
          null,
          null,
          null,
          null,
          null,
          null,
          null,
          null,
          null,
          null,
          null,
          null,
          null,
          null,
          null,
          null,
          null,
          null,
          null,
          null,
          null,
          null,
          null,
          null,
          null,
          null,
          null,
          1,
          null,
          null,
          null,
          null,
          null,
          null,
          null,
          null,
          null,
          null,
          null,
          null,
          null,
          null,
          null,
          null,
          null,
          null,
          null,
          null,
          null,
          null,
          null,
          null,
          null,
          null,
          null,
          null,
          null,
          null,
          null,
          null,
          null,
          null,
          null,
          null,
          null,
          null,
          null,
          null,
          null,
          1,
          null,
          null,
          null,
          null,
          null,
          null,
          null,
          null,
          null,
          null,
          null,
          null,
          null,
          null,
          null,
          null,
          null,
          null,
          null,
          null,
          null,
          null,
          null,
          null,
          null,
          null,
          null,
          null,
          null,
          null,
          null,
          null,
          null,
          null,
          null,
          null,
          null,
          null,
          null,
          null,
          null,
          null
        ]
      },
      "/csce431/final/centuries-points-tracker-dev/centuries-points-tracker-dev/config/initializers/filter_parameter_logging.rb": {
        "lines": [
          null,
          null,
          null,
          1,
          null,
          null
        ]
      },
      "/csce431/final/centuries-points-tracker-dev/centuries-points-tracker-dev/config/initializers/google_sign_in.rb": {
        "lines": [
          null,
          1,
          1,
          1,
          null,
          null
        ]
      },
      "/csce431/final/centuries-points-tracker-dev/centuries-points-tracker-dev/config/initializers/inflections.rb": {
        "lines": [
          null,
          null,
          null,
          null,
          null,
          null,
          null,
          null,
          null,
          null,
          null,
          null,
          null,
          null,
          null,
          null
        ]
      },
      "/csce431/final/centuries-points-tracker-dev/centuries-points-tracker-dev/config/initializers/mime_types.rb": {
        "lines": [
          null,
          null,
          null,
          null
        ]
      },
      "/csce431/final/centuries-points-tracker-dev/centuries-points-tracker-dev/config/initializers/permissions_policy.rb": {
        "lines": [
          null,
          null,
          null,
          null,
          null,
          null,
          null,
          null,
          null,
          null,
          null
        ]
      },
      "/csce431/final/centuries-points-tracker-dev/centuries-points-tracker-dev/config/initializers/wrap_parameters.rb": {
        "lines": [
          null,
          null,
          null,
          null,
          null,
          null,
          1,
          2,
          null,
          null,
          null,
          null,
          null,
          null
        ]
      },
      "/csce431/final/centuries-points-tracker-dev/centuries-points-tracker-dev/config/routes.rb": {
        "lines": [
          1,
          null,
          1,
          1,
          1,
          1,
          1,
          null,
          null,
          null,
          1,
          1,
          1,
          1,
          1,
          null,
          null,
          1,
          1,
          1,
          1,
          1,
          null,
          null,
          null,
          null,
          null,
          1,
          1,
          1,
          1,
          null,
          null,
          null,
          1,
          1,
          1,
          null,
          null,
          null,
          1,
          1,
          1,
          null,
          1,
          1,
          1,
          1,
          1,
          1,
          1,
          null,
          null,
          null,
          null,
          null
        ]
      },
      "/csce431/final/centuries-points-tracker-dev/centuries-points-tracker-dev/app/models/member.rb": {
        "lines": [
          1,
          1,
          1,
          null,
          1,
          null,
          null,
          11,
          null,
          0,
          null,
          null,
          null
        ]
      },
      "/csce431/final/centuries-points-tracker-dev/centuries-points-tracker-dev/app/models/application_record.rb": {
        "lines": [
          1,
          1,
          null
        ]
      },
      "/csce431/final/centuries-points-tracker-dev/centuries-points-tracker-dev/app/helpers/application_helper.rb": {
        "lines": [
          1,
          1,
          0,
          null,
          null
        ]
      },
      "/csce431/final/centuries-points-tracker-dev/centuries-points-tracker-dev/app/helpers/events_helper.rb": {
        "lines": [
          1,
          null
        ]
      },
      "/csce431/final/centuries-points-tracker-dev/centuries-points-tracker-dev/app/helpers/home_helper.rb": {
        "lines": [
          1,
          null
        ]
      },
      "/csce431/final/centuries-points-tracker-dev/centuries-points-tracker-dev/app/helpers/info_helper.rb": {
        "lines": [
          1,
          null
        ]
      },
      "/csce431/final/centuries-points-tracker-dev/centuries-points-tracker-dev/app/helpers/login_helper.rb": {
        "lines": [
          1,
          null
        ]
      },
      "/csce431/final/centuries-points-tracker-dev/centuries-points-tracker-dev/app/helpers/point_tracker_helper.rb": {
        "lines": [
          1,
          null
        ]
      },
      "/csce431/final/centuries-points-tracker-dev/centuries-points-tracker-dev/app/helpers/service_logger_helper.rb": {
        "lines": [
          1,
          null,
          null,
          null,
          null
        ]
      },
      "/csce431/final/centuries-points-tracker-dev/centuries-points-tracker-dev/spec/feature/event_delete_spec.rb": {
        "lines": [
          1,
          null,
          1,
          1,
          1,
          null,
          null,
          1,
          1,
          1,
          1,
          0,
          0,
          0,
          0,
          null,
          null
        ]
      },
      "/csce431/final/centuries-points-tracker-dev/centuries-points-tracker-dev/spec/feature/event_edit_spec.rb": {
        "lines": [
          1,
          null,
          1,
          1,
          1,
          1,
          1,
          1,
          1,
          0,
          0,
          0,
          null,
          null,
          1,
          1,
          1,
          1,
          1,
          1,
          0,
          0,
          null,
          null
        ]
      },
      "/csce431/final/centuries-points-tracker-dev/centuries-points-tracker-dev/spec/feature/service_approve_spec.rb": {
        "lines": [
          1,
          null,
          1,
          2,
          2,
          0,
          0,
          0,
          null,
          null,
          1,
          1,
          1,
          1,
          0,
          0,
          0,
          0,
          0,
          null,
          null,
          1,
          1,
          1,
          0,
          0,
          0,
          0,
          0,
          0,
          null,
          null,
          1,
          1,
          1,
          null,
          null
        ]
      },
      "/csce431/final/centuries-points-tracker-dev/centuries-points-tracker-dev/spec/feature/service_create_spec.rb": {
        "lines": [
          null,
          null,
          1,
          null,
          1,
          1,
          1,
          1,
          1,
          0,
          0,
          0,
          0,
          0,
          0,
          0,
          null,
          null,
          1,
          1,
          1,
          null,
          null
        ]
      },
      "/csce431/final/centuries-points-tracker-dev/centuries-points-tracker-dev/spec/feature/service_delete_spec.rb": {
        "lines": [
          1,
          null,
          1,
          1,
          1,
          null,
          null,
          null,
          1,
          1,
          1,
          1,
          0,
          0,
          0,
          0,
          null,
          null
        ]
      },
      "/csce431/final/centuries-points-tracker-dev/centuries-points-tracker-dev/spec/feature/service_edit_spec.rb": {
        "lines": [
          1,
          null,
          1,
          1,
          1,
          1,
          null,
          1,
          1,
          0,
          0,
          null,
          null,
          1,
          1,
          1,
          null,
          1,
          1,
          0,
          0,
          null,
          null
        ]
      },
      "/csce431/final/centuries-points-tracker-dev/centuries-points-tracker-dev/spec/helpers/logins_helper_spec.rb": {
        "lines": [
          1,
          null,
          null,
          null,
          null,
          null,
          null,
          null,
          null,
          null,
          null,
          null,
          null,
          null,
          null
        ]
      },
      "/csce431/final/centuries-points-tracker-dev/centuries-points-tracker-dev/spec/unit/event_unit_spec.rb": {
        "lines": [
          1,
          null,
          1,
          1,
          7,
          null,
          null,
          null,
          null,
          null,
          null,
          1,
          1,
          null,
          null,
          1,
          1,
          1,
          null,
          null,
          1,
          1,
          1,
          null,
          null,
          1,
          1,
          1,
          null,
          null,
          1,
          1,
          1,
          null,
          null,
          1,
          1,
          1,
          null,
          null,
          1,
          1,
          1,
          1,
          1,
          1,
          null,
          1,
          1,
          null,
          null
        ]
      },
      "/csce431/final/centuries-points-tracker-dev/centuries-points-tracker-dev/app/models/event.rb": {
        "lines": [
          1,
          1,
          1,
          1,
          null,
          1,
          0,
          0,
          null,
          0,
          null,
          null,
          null,
          1,
          0,
          0,
          null,
          0,
          null,
          null,
          null,
          1,
          0,
          0,
          0,
          null,
          0,
          null,
          null,
          null,
          1,
          0,
          null,
          null
        ]
      },
      "/csce431/final/centuries-points-tracker-dev/centuries-points-tracker-dev/spec/unit/service_logger_spec.rb": {
        "lines": [
          1,
          null,
          1,
          1,
          4,
          null,
          null,
          null,
          null,
          1,
          1,
          null,
          null,
          1,
          1,
          1,
          null,
          null,
          1,
          1,
          1,
          null,
          null,
          1,
          1,
          1,
          null,
          null
        ]
      },
      "/csce431/final/centuries-points-tracker-dev/centuries-points-tracker-dev/app/models/service.rb": {
        "lines": [
          1,
          1,
          1,
          1,
          null,
          1,
          0,
          0,
          null,
          0,
          null,
          null,
          null,
          1,
          0,
          0,
          null,
          0,
          null,
          null,
          null
        ]
      },
      "/csce431/final/centuries-points-tracker-dev/centuries-points-tracker-dev/app/controllers/point_tracker_controller.rb": {
        "lines": [
          1,
          1,
          0,
          null,
          0,
          0,
          null,
          null,
          1,
          0,
          null,
          0,
          0,
          0,
          0,
          null,
          null
        ]
      },
      "/csce431/final/centuries-points-tracker-dev/centuries-points-tracker-dev/app/controllers/application_controller.rb": {
        "lines": [
          1,
          1,
          null
        ]
      },
      "/csce431/final/centuries-points-tracker-dev/centuries-points-tracker-dev/app/controllers/members/sessions_controller.rb": {
        "lines": [
          null,
          null,
          1,
          1,
          0,
          null,
          null,
          1,
          0,
          null,
          null,
          1,
          36,
          null,
          null
        ]
      },
      "/csce431/final/centuries-points-tracker-dev/centuries-points-tracker-dev/app/controllers/members/omniauth_callbacks_controller.rb": {
        "lines": [
          null,
          null,
          1,
          1,
          11,
          11,
          11,
          0,
          0,
          0,
          null,
          11,
          null,
          null,
          11,
          null,
          null,
          null,
          1,
          null,
          1,
          0,
          null,
          null,
          1,
          0,
          null,
          null,
          1,
          null,
          1,
          11,
          null,
          null,
          null,
          null,
          null,
          null,
          1,
          55,
          null,
          null
        ]
      },
      "/csce431/final/centuries-points-tracker-dev/centuries-points-tracker-dev/app/models/whitelist.rb": {
        "lines": [
          1,
          null
        ]
      },
      "/csce431/final/centuries-points-tracker-dev/centuries-points-tracker-dev/app/controllers/events_controller.rb": {
        "lines": [
          1,
          1,
          0,
          0,
          null,
          0,
          null,
          0,
          0,
          null,
          0,
          null,
          null,
          1,
          0,
          0,
          0,
          0,
          null,
          null,
          null,
          1,
          0,
          null,
          null,
          1,
          0,
          null,
          0,
          0,
          0,
          0,
          null,
          null,
          0,
          null,
          0,
          0,
          null,
          0,
          null,
          null,
          null,
          1,
          0,
          0,
          null,
          null,
          1,
          0,
          0,
          0,
          null,
          0,
          0,
          null,
          null,
          null,
          1,
          0,
          null,
          null,
          1,
          0,
          0,
          0,
          null,
          null,
          1,
          0,
          0,
          0,
          0,
          0,
          null,
          null,
          1,
          0,
          0,
          0,
          0,
          0,
          null,
          null,
          1,
          null,
          1,
          0,
          null,
          null
        ]
      },
      "/csce431/final/centuries-points-tracker-dev/centuries-points-tracker-dev/app/controllers/services_controller.rb": {
        "lines": [
          1,
          1,
          0,
          0,
          0,
          0,
          0,
          0,
          0,
          null,
          0,
          null,
          null,
          null,
          null,
          1,
          0,
          null,
          0,
          0,
          0,
          null,
          null,
          null,
          1,
          0,
          null,
          null,
          1,
          0,
          0,
          0,
          0,
          0,
          null,
          0,
          null,
          null,
          null,
          1,
          0,
          0,
          null,
          null,
          1,
          0,
          0,
          0,
          null,
          0,
          0,
          null,
          null,
          null,
          1,
          0,
          null,
          null,
          1,
          0,
          0,
          0,
          null,
          null,
          1,
          0,
          0,
          0,
          null,
          null,
          1,
          null,
          1,
          0,
          null,
          null
        ]
      }
    },
    "timestamp": 1636456020
  }
}
